# JRE version: Java(TM) SE Runtime Environment (8.0_25-b17) (build 1.8.0_25-b17)
# Java VM: Java HotSpot(TM) 64-Bit Server VM (25.25-b02 mixed mode linux-amd64 compressed oops)
Heap:
 PSYoungGen      total 173056K, used 59413K [0x00000000ec780000, 0x00000000fdb80000, 0x0000000100000000)
  eden space 66560K, 0% used [0x00000000ec780000,0x00000000ec780000,0x00000000f0880000)
  from space 106496K, 55% used [0x00000000f7080000,0x00000000faa854f0,0x00000000fd880000)
  to   space 106496K, 0% used [0x00000000f0880000,0x00000000f0880000,0x00000000f7080000)
 ParOldGen       total 363520K, used 363090K [0x00000000c5600000, 0x00000000db900000, 0x00000000ec780000)
  object space 363520K, 99% used [0x00000000c5600000,0x00000000db894b68,0x00000000db900000)
 Metaspace       used 4632K, capacity 5050K, committed 5248K, reserved 1056768K
  class space    used 525K, capacity 561K, committed 640K, reserved 1048576K
GC Heap History (10 events):
Event: 4,963 GC heap after
Heap after GC invocations=12 (full 3):
 PSYoungGen      total 146944K, used 106464K [0x00000000ec780000, 0x00000000fcc80000, 0x0000000100000000)
  eden space 40448K, 0% used [0x00000000ec780000,0x00000000ec780000,0x00000000eef00000)
  from space 106496K, 99% used [0x00000000eef00000,0x00000000f56f8010,0x00000000f5700000)
  to   space 106496K, 0% used [0x00000000f6480000,0x00000000f6480000,0x00000000fcc80000)
 ParOldGen       total 230912K, used 190976K [0x00000000c5600000, 0x00000000d3780000, 0x00000000ec780000)
  object space 230912K, 82% used [0x00000000c5600000,0x00000000d10802d8,0x00000000d3780000)
 Metaspace       used 4632K, capacity 5050K, committed 5248K, reserved 1056768K
  class space    used 525K, capacity 561K, committed 640K, reserved 1048576K
}
Event: 4,963 GC heap before
{Heap before GC invocations=13 (full 4):
 PSYoungGen      total 146944K, used 106464K [0x00000000ec780000, 0x00000000fcc80000, 0x0000000100000000)
  eden space 40448K, 0% used [0x00000000ec780000,0x00000000ec780000,0x00000000eef00000)
  from space 106496K, 99% used [0x00000000eef00000,0x00000000f56f8010,0x00000000f5700000)
  to   space 106496K, 0% used [0x00000000f6480000,0x00000000f6480000,0x00000000fcc80000)
 ParOldGen       total 230912K, used 190976K [0x00000000c5600000, 0x00000000d3780000, 0x00000000ec780000)
  object space 230912K, 82% used [0x00000000c5600000,0x00000000d10802d8,0x00000000d3780000)
 Metaspace       used 4632K, capacity 5050K, committed 5248K, reserved 1056768K
  class space    used 525K, capacity 561K, committed 640K, reserved 1048576K
Event: 8,981 GC heap after
Heap after GC invocations=13 (full 4):
 PSYoungGen      total 146944K, used 62377K [0x00000000ec780000, 0x00000000fcc80000, 0x0000000100000000)
  eden space 40448K, 0% used [0x00000000ec780000,0x00000000ec780000,0x00000000eef00000)
  from space 106496K, 58% used [0x00000000eef00000,0x00000000f2bea4b8,0x00000000f5700000)
  to   space 106496K, 0% used [0x00000000f6480000,0x00000000f6480000,0x00000000fcc80000)
 ParOldGen       total 363520K, used 230589K [0x00000000c5600000, 0x00000000db900000, 0x00000000ec780000)
  object space 363520K, 63% used [0x00000000c5600000,0x00000000d372f6f8,0x00000000db900000)
 Metaspace       used 4632K, capacity 5050K, committed 5248K, reserved 1056768K
  class space    used 525K, capacity 561K, committed 640K, reserved 1048576K
}
Event: 9,034 GC heap before
{Heap before GC invocations=14 (full 4):
 PSYoungGen      total 146944K, used 97867K [0x00000000ec780000, 0x00000000fcc80000, 0x0000000100000000)
  eden space 40448K, 87% used [0x00000000ec780000,0x00000000eea28a60,0x00000000eef00000)
  from space 106496K, 58% used [0x00000000eef00000,0x00000000f2bea4b8,0x00000000f5700000)
  to   space 106496K, 0% used [0x00000000f6480000,0x00000000f6480000,0x00000000fcc80000)
 ParOldGen       total 363520K, used 230589K [0x00000000c5600000, 0x00000000db900000, 0x00000000ec780000)
  object space 363520K, 63% used [0x00000000c5600000,0x00000000d372f6f8,0x00000000db900000)
 Metaspace       used 4632K, capacity 5050K, committed 5248K, reserved 1056768K
  class space    used 525K, capacity 561K, committed 640K, reserved 1048576K
Event: 9,463 GC heap after
Heap after GC invocations=14 (full 4):
 PSYoungGen      total 154624K, used 84352K [0x00000000ec780000, 0x00000000fc980000, 0x0000000100000000)
  eden space 51200K, 0% used [0x00000000ec780000,0x00000000ec780000,0x00000000ef980000)
  from space 103424K, 81% used [0x00000000f6480000,0x00000000fb6e0000,0x00000000fc980000)
  to   space 106496K, 0% used [0x00000000ef980000,0x00000000ef980000,0x00000000f6180000)
 ParOldGen       total 363520K, used 244157K [0x00000000c5600000, 0x00000000db900000, 0x00000000ec780000)
  object space 363520K, 67% used [0x00000000c5600000,0x00000000d446f6f8,0x00000000db900000)
 Metaspace       used 4632K, capacity 5050K, committed 5248K, reserved 1056768K
  class space    used 525K, capacity 561K, committed 640K, reserved 1048576K
}
Event: 9,648 GC heap before
{Heap before GC invocations=15 (full 4):
 PSYoungGen      total 154624K, used 135552K [0x00000000ec780000, 0x00000000fc980000, 0x0000000100000000)
  eden space 51200K, 100% used [0x00000000ec780000,0x00000000ef980000,0x00000000ef980000)
  from space 103424K, 81% used [0x00000000f6480000,0x00000000fb6e0000,0x00000000fc980000)
  to   space 106496K, 0% used [0x00000000ef980000,0x00000000ef980000,0x00000000f6180000)
 ParOldGen       total 363520K, used 244157K [0x00000000c5600000, 0x00000000db900000, 0x00000000ec780000)
  object space 363520K, 67% used [0x00000000c5600000,0x00000000d446f6f8,0x00000000db900000)
 Metaspace       used 4632K, capacity 5050K, committed 5248K, reserved 1056768K
  class space    used 525K, capacity 561K, committed 640K, reserved 1048576K
Event: 10,051 GC heap after
Heap after GC invocations=15 (full 4):
 PSYoungGen      total 157696K, used 106368K [0x00000000ec780000, 0x00000000fd880000, 0x0000000100000000)
  eden space 51200K, 0% used [0x00000000ec780000,0x00000000ec780000,0x00000000ef980000)
  from space 106496K, 99% used [0x00000000ef980000,0x00000000f6160010,0x00000000f6180000)
  to   space 106496K, 0% used [0x00000000f7080000,0x00000000f7080000,0x00000000fd880000)
 ParOldGen       total 363520K, used 273461K [0x00000000c5600000, 0x00000000db900000, 0x00000000ec780000)
  object space 363520K, 75% used [0x00000000c5600000,0x00000000d610d6f8,0x00000000db900000)
 Metaspace       used 4632K, capacity 5050K, committed 5248K, reserved 1056768K
  class space    used 525K, capacity 561K, committed 640K, reserved 1048576K
}
Event: 10,110 GC heap before
{Heap before GC invocations=16 (full 4):
 PSYoungGen      total 157696K, used 157568K [0x00000000ec780000, 0x00000000fd880000, 0x0000000100000000)
  eden space 51200K, 100% used [0x00000000ec780000,0x00000000ef980000,0x00000000ef980000)
  from space 106496K, 99% used [0x00000000ef980000,0x00000000f6160010,0x00000000f6180000)
  to   space 106496K, 0% used [0x00000000f7080000,0x00000000f7080000,0x00000000fd880000)
 ParOldGen       total 363520K, used 273461K [0x00000000c5600000, 0x00000000db900000, 0x00000000ec780000)
  object space 363520K, 75% used [0x00000000c5600000,0x00000000d610d6f8,0x00000000db900000)
 Metaspace       used 4632K, capacity 5050K, committed 5248K, reserved 1056768K
  class space    used 525K, capacity 561K, committed 640K, reserved 1048576K
Event: 10,599 GC heap after
Heap after GC invocations=16 (full 4):
 PSYoungGen      total 173056K, used 102528K [0x00000000ec780000, 0x00000000fdb80000, 0x0000000100000000)
  eden space 66560K, 0% used [0x00000000ec780000,0x00000000ec780000,0x00000000f0880000)
  from space 106496K, 96% used [0x00000000f7080000,0x00000000fd4a0010,0x00000000fd880000)
  to   space 106496K, 0% used [0x00000000f0880000,0x00000000f0880000,0x00000000f7080000)
 ParOldGen       total 363520K, used 328685K [0x00000000c5600000, 0x00000000db900000, 0x00000000ec780000)
  object space 363520K, 90% used [0x00000000c5600000,0x00000000d96fb6f8,0x00000000db900000)
 Metaspace       used 4632K, capacity 5050K, committed 5248K, reserved 1056768K
  class space    used 525K, capacity 561K, committed 640K, reserved 1048576K
}
Event: 10,599 GC heap before
{Heap before GC invocations=17 (full 5):
 PSYoungGen      total 173056K, used 102528K [0x00000000ec780000, 0x00000000fdb80000, 0x0000000100000000)
  eden space 66560K, 0% used [0x00000000ec780000,0x00000000ec780000,0x00000000f0880000)
  from space 106496K, 96% used [0x00000000f7080000,0x00000000fd4a0010,0x00000000fd880000)
  to   space 106496K, 0% used [0x00000000f0880000,0x00000000f0880000,0x00000000f7080000)
 ParOldGen       total 363520K, used 328685K [0x00000000c5600000, 0x00000000db900000, 0x00000000ec780000)
  object space 363520K, 90% used [0x00000000c5600000,0x00000000d96fb6f8,0x00000000db900000)
 Metaspace       used 4632K, capacity 5050K, committed 5248K, reserved 1056768K
  class space    used 525K, capacity 561K, committed 640K, reserved 1048576K

