# JRE version: Java(TM) SE Runtime Environment (8.0_25-b17) (build 1.8.0_25-b17)
# Java VM: Java HotSpot(TM) 64-Bit Server VM (25.25-b02 mixed mode linux-amd64 compressed oops)
Heap:
 PSYoungGen      total 164864K, used 33811K [0x00000000ec780000, 0x00000000fe300000, 0x0000000100000000)
  eden space 58368K, 0% used [0x00000000ec780000,0x00000000ec780000,0x00000000f0080000)
  from space 106496K, 31% used [0x00000000f0080000,0x00000000f2184e58,0x00000000f6880000)
  to   space 106496K, 0% used [0x00000000f7b00000,0x00000000f7b00000,0x00000000fe300000)
 ParOldGen       total 370688K, used 370251K [0x00000000c5600000, 0x00000000dc000000, 0x00000000ec780000)
  object space 370688K, 99% used [0x00000000c5600000,0x00000000dbf92c80,0x00000000dc000000)
 Metaspace       used 4636K, capacity 5050K, committed 5248K, reserved 1056768K
  class space    used 525K, capacity 561K, committed 640K, reserved 1048576K
GC Heap History (10 events):
Event: 5,734 GC heap after
Heap after GC invocations=11 (full 3):
 PSYoungGen      total 139776K, used 93664K [0x00000000ec780000, 0x00000000fd600000, 0x0000000100000000)
  eden space 46080K, 0% used [0x00000000ec780000,0x00000000ec780000,0x00000000ef480000)
  from space 93696K, 99% used [0x00000000f5c80000,0x00000000fb7f8010,0x00000000fb800000)
  to   space 106496K, 0% used [0x00000000ef480000,0x00000000ef480000,0x00000000f5c80000)
 ParOldGen       total 232960K, used 172452K [0x00000000c5600000, 0x00000000d3980000, 0x00000000ec780000)
  object space 232960K, 74% used [0x00000000c5600000,0x00000000cfe693f8,0x00000000d3980000)
 Metaspace       used 4636K, capacity 5050K, committed 5248K, reserved 1056768K
  class space    used 525K, capacity 561K, committed 640K, reserved 1048576K
}
Event: 5,796 GC heap before
{Heap before GC invocations=12 (full 3):
 PSYoungGen      total 139776K, used 139744K [0x00000000ec780000, 0x00000000fd600000, 0x0000000100000000)
  eden space 46080K, 100% used [0x00000000ec780000,0x00000000ef480000,0x00000000ef480000)
  from space 93696K, 99% used [0x00000000f5c80000,0x00000000fb7f8010,0x00000000fb800000)
  to   space 106496K, 0% used [0x00000000ef480000,0x00000000ef480000,0x00000000f5c80000)
 ParOldGen       total 232960K, used 172452K [0x00000000c5600000, 0x00000000d3980000, 0x00000000ec780000)
  object space 232960K, 74% used [0x00000000c5600000,0x00000000cfe693f8,0x00000000d3980000)
 Metaspace       used 4636K, capacity 5050K, committed 5248K, reserved 1056768K
  class space    used 525K, capacity 561K, committed 640K, reserved 1048576K
Event: 6,067 GC heap after
Heap after GC invocations=12 (full 3):
 PSYoungGen      total 152576K, used 103872K [0x00000000ec780000, 0x00000000fd380000, 0x0000000100000000)
  eden space 46080K, 0% used [0x00000000ec780000,0x00000000ec780000,0x00000000ef480000)
  from space 106496K, 97% used [0x00000000ef480000,0x00000000f59f0000,0x00000000f5c80000)
  to   space 106496K, 0% used [0x00000000f6b80000,0x00000000f6b80000,0x00000000fd380000)
 ParOldGen       total 232960K, used 208509K [0x00000000c5600000, 0x00000000d3980000, 0x00000000ec780000)
  object space 232960K, 89% used [0x00000000c5600000,0x00000000d219f408,0x00000000d3980000)
 Metaspace       used 4636K, capacity 5050K, committed 5248K, reserved 1056768K
  class space    used 525K, capacity 561K, committed 640K, reserved 1048576K
}
Event: 6,067 GC heap before
{Heap before GC invocations=13 (full 4):
 PSYoungGen      total 152576K, used 103872K [0x00000000ec780000, 0x00000000fd380000, 0x0000000100000000)
  eden space 46080K, 0% used [0x00000000ec780000,0x00000000ec780000,0x00000000ef480000)
  from space 106496K, 97% used [0x00000000ef480000,0x00000000f59f0000,0x00000000f5c80000)
  to   space 106496K, 0% used [0x00000000f6b80000,0x00000000f6b80000,0x00000000fd380000)
 ParOldGen       total 232960K, used 208509K [0x00000000c5600000, 0x00000000d3980000, 0x00000000ec780000)
  object space 232960K, 89% used [0x00000000c5600000,0x00000000d219f408,0x00000000d3980000)
 Metaspace       used 4636K, capacity 5050K, committed 5248K, reserved 1056768K
  class space    used 525K, capacity 561K, committed 640K, reserved 1048576K
Event: 8,664 GC heap after
Heap after GC invocations=13 (full 4):
 PSYoungGen      total 152576K, used 75075K [0x00000000ec780000, 0x00000000fd380000, 0x0000000100000000)
  eden space 46080K, 0% used [0x00000000ec780000,0x00000000ec780000,0x00000000ef480000)
  from space 106496K, 70% used [0x00000000ef480000,0x00000000f3dd0f20,0x00000000f5c80000)
  to   space 106496K, 0% used [0x00000000f6b80000,0x00000000f6b80000,0x00000000fd380000)
 ParOldGen       total 370688K, used 232733K [0x00000000c5600000, 0x00000000dc000000, 0x00000000ec780000)
  object space 370688K, 62% used [0x00000000c5600000,0x00000000d3947520,0x00000000dc000000)
 Metaspace       used 4636K, capacity 5050K, committed 5248K, reserved 1056768K
  class space    used 525K, capacity 561K, committed 640K, reserved 1048576K
}
Event: 8,840 GC heap before
{Heap before GC invocations=14 (full 4):
 PSYoungGen      total 152576K, used 121155K [0x00000000ec780000, 0x00000000fd380000, 0x0000000100000000)
  eden space 46080K, 100% used [0x00000000ec780000,0x00000000ef480000,0x00000000ef480000)
  from space 106496K, 70% used [0x00000000ef480000,0x00000000f3dd0f20,0x00000000f5c80000)
  to   space 106496K, 0% used [0x00000000f6b80000,0x00000000f6b80000,0x00000000fd380000)
 ParOldGen       total 370688K, used 232733K [0x00000000c5600000, 0x00000000dc000000, 0x00000000ec780000)
  object space 370688K, 62% used [0x00000000c5600000,0x00000000d3947520,0x00000000dc000000)
 Metaspace       used 4636K, capacity 5050K, committed 5248K, reserved 1056768K
  class space    used 525K, capacity 561K, committed 640K, reserved 1048576K
Event: 9,101 GC heap after
Heap after GC invocations=14 (full 4):
 PSYoungGen      total 161792K, used 83936K [0x00000000ec780000, 0x00000000fd080000, 0x0000000100000000)
  eden space 58368K, 0% used [0x00000000ec780000,0x00000000ec780000,0x00000000f0080000)
  from space 103424K, 81% used [0x00000000f6b80000,0x00000000fbd78010,0x00000000fd080000)
  to   space 106496K, 0% used [0x00000000f0080000,0x00000000f0080000,0x00000000f6880000)
 ParOldGen       total 370688K, used 270197K [0x00000000c5600000, 0x00000000dc000000, 0x00000000ec780000)
  object space 370688K, 72% used [0x00000000c5600000,0x00000000d5ddd520,0x00000000dc000000)
 Metaspace       used 4636K, capacity 5050K, committed 5248K, reserved 1056768K
  class space    used 525K, capacity 561K, committed 640K, reserved 1048576K
}
Event: 9,166 GC heap before
{Heap before GC invocations=15 (full 4):
 PSYoungGen      total 161792K, used 142304K [0x00000000ec780000, 0x00000000fd080000, 0x0000000100000000)
  eden space 58368K, 100% used [0x00000000ec780000,0x00000000f0080000,0x00000000f0080000)
  from space 103424K, 81% used [0x00000000f6b80000,0x00000000fbd78010,0x00000000fd080000)
  to   space 106496K, 0% used [0x00000000f0080000,0x00000000f0080000,0x00000000f6880000)
 ParOldGen       total 370688K, used 270197K [0x00000000c5600000, 0x00000000dc000000, 0x00000000ec780000)
  object space 370688K, 72% used [0x00000000c5600000,0x00000000d5ddd520,0x00000000dc000000)
 Metaspace       used 4636K, capacity 5050K, committed 5248K, reserved 1056768K
  class space    used 525K, capacity 561K, committed 640K, reserved 1048576K
Event: 9,455 GC heap after
Heap after GC invocations=15 (full 4):
 PSYoungGen      total 164864K, used 58464K [0x00000000ec780000, 0x00000000fe300000, 0x0000000100000000)
  eden space 58368K, 0% used [0x00000000ec780000,0x00000000ec780000,0x00000000f0080000)
  from space 106496K, 54% used [0x00000000f0080000,0x00000000f3998000,0x00000000f6880000)
  to   space 106496K, 0% used [0x00000000f7b00000,0x00000000f7b00000,0x00000000fe300000)
 ParOldGen       total 370688K, used 354285K [0x00000000c5600000, 0x00000000dc000000, 0x00000000ec780000)
  object space 370688K, 95% used [0x00000000c5600000,0x00000000daffb530,0x00000000dc000000)
 Metaspace       used 4636K, capacity 5050K, committed 5248K, reserved 1056768K
  class space    used 525K, capacity 561K, committed 640K, reserved 1048576K
}
Event: 9,455 GC heap before
{Heap before GC invocations=16 (full 5):
 PSYoungGen      total 164864K, used 58464K [0x00000000ec780000, 0x00000000fe300000, 0x0000000100000000)
  eden space 58368K, 0% used [0x00000000ec780000,0x00000000ec780000,0x00000000f0080000)
  from space 106496K, 54% used [0x00000000f0080000,0x00000000f3998000,0x00000000f6880000)
  to   space 106496K, 0% used [0x00000000f7b00000,0x00000000f7b00000,0x00000000fe300000)
 ParOldGen       total 370688K, used 354285K [0x00000000c5600000, 0x00000000dc000000, 0x00000000ec780000)
  object space 370688K, 95% used [0x00000000c5600000,0x00000000daffb530,0x00000000dc000000)
 Metaspace       used 4636K, capacity 5050K, committed 5248K, reserved 1056768K
  class space    used 525K, capacity 561K, committed 640K, reserved 1048576K

